#
# A fatal error has been detected by the Java Runtime Environment:
#
#  EXCEPTION_ACCESS_VIOLATION (0xc0000005) at pc=0x0000000050dde163, pid=22160, tid=0x0000000000003418
#
# JRE version: Java(TM) SE Runtime Environment (8.0_202-b08) (build 1.8.0_202-b08)
# Java VM: Java HotSpot(TM) 64-Bit Server VM (25.202-b08 mixed mode windows-amd64 compressed oops)
# Problematic frame:
# V  [jvm.dll+0xfe163]
#
# Failed to write core dump. Minidumps are not enabled by default on client versions of Windows
#
# If you would like to submit a bug report, please visit:
#   http://bugreport.java.com/bugreport/crash.jsp
#

---------------  T H R E A D  ---------------

Current thread (0x00000000174ca000):  VMThread [stack: 0x00000000191b0000,0x00000000192b0000] [id=13336]

siginfo: ExceptionCode=0xc0000005, reading address 0xffffffffffffffff

Registers:
RAX=0x0000000000000026, RBX=0x00000000192af3e0, RCX=0x00000000192af3e0, RDX=0xffffffffffffffe6
RSP=0x00000000192af190, RBP=0x00000000192af200, RSI=0x00000000192af3e0, RDI=0x00000000000000a4
R8 =0x0000000000000026, R9 =0x00000000173554a0, R10=0x03ffffffffffffff, R11=0x0000000016ee036c
R12=0x0000000000000000, R13=0x0000000050dde140, R14=0x000000000000001c, R15=0x0000000000000001
RIP=0x0000000050dde163, EFLAGS=0x0000000000010207

Top of Stack: (sp=0x00000000192af190)
0x00000000192af190:   00000000192af3e0 00000000192af200
0x00000000192af1a0:   000000000000001c 0000000050d9277e
0x00000000192af1b0:   00000000192af3e0 0000000050ddff49
0x00000000192af1c0:   0000d49159a8caff 00000000192af3e0
0x00000000192af1d0:   00000000192af3e0 0000000050ddfa26
0x00000000192af1e0:   00000000192af250 0000000016ee0350
0x00000000192af1f0:   00000000ffffffc4 0000000050ddfa26
0x00000000192af200:   00000000000003d8 00000000173557d8
0x00000000192af210:   0000000000000000 00000000000000a4
0x00000000192af220:   00000000174ca000 0000000050de09d4
0x00000000192af230:   00000000192af3e0 0000000000000000
0x00000000192af240:   000000000000001c 000000000000001b
0x00000000192af250:   0000000016ee03d8 00000000174ca000
0x00000000192af260:   0000001f0000001c 000000a400000043
0x00000000192af270:   00000000000e0000 00000000000000a4
0x00000000192af280:   0000000000000003 00000000000003d8 

Instructions: (pc=0x0000000050dde163)
0x0000000050dde143:   83 ec 20 4c 8b 89 90 00 00 00 48 63 d2 48 8b d9
0x0000000050dde153:   0f b6 c2 4c 8b d2 24 3f 49 c1 ea 06 44 0f b6 c0
0x0000000050dde163:   4b 8b 04 d1 4c 0f a3 c0 72 0f 48 83 c1 70 41 b0
0x0000000050dde173:   01 e8 77 8b 17 00 ff 43 6c 48 83 c4 20 5b c3 cc 


Register to memory mapping:

RAX=0x0000000000000026 is an unknown value
RBX=0x00000000192af3e0 is an unknown value
RCX=0x00000000192af3e0 is an unknown value
RDX=0xffffffffffffffe6 is an unknown value
RSP=0x00000000192af190 is an unknown value
RBP=0x00000000192af200 is an unknown value
RSI=0x00000000192af3e0 is an unknown value
RDI=0x00000000000000a4 is an unknown value
R8 =0x0000000000000026 is an unknown value
R9 =0x00000000173554a0 is an unknown value
R10=0x03ffffffffffffff is an unknown value
R11=0x0000000016ee036c is pointing into metadata
R12=0x0000000000000000 is an unknown value
R13=0x0000000050dde140 is an unknown value
R14=0x000000000000001c is an unknown value
R15=0x0000000000000001 is an unknown value


Stack: [0x00000000191b0000,0x00000000192b0000],  sp=0x00000000192af190,  free space=1020k
Native frames: (J=compiled Java code, j=interpreted, Vv=VM code, C=native code)
V  [jvm.dll+0xfe163]
V  [jvm.dll+0xfff49]
V  [jvm.dll+0x1009d4]
V  [jvm.dll+0x103db4]
V  [jvm.dll+0xc529e]
V  [jvm.dll+0xc5928]
V  [jvm.dll+0xc5a5a]
V  [jvm.dll+0xc5c58]
V  [jvm.dll+0x10fc2a]
V  [jvm.dll+0x12d5bf]
V  [jvm.dll+0x1bf7ff]
V  [jvm.dll+0x24d5d7]
V  [jvm.dll+0x24c876]
V  [jvm.dll+0x24cd11]
V  [jvm.dll+0x24cf2e]
V  [jvm.dll+0x29fc6a]
C  [msvcr100.dll+0x21d9f]
C  [msvcr100.dll+0x21e3b]
C  [KERNEL32.DLL+0x154e0]
C  [ntdll.dll+0x485b]

VM_Operation (0x0000000019fef320): GetOrSetLocal, mode: safepoint, requested by thread 0x00000000193e3000


---------------  P R O C E S S  ---------------

Java Threads: ( => current thread )
  0x00000000194a9800 JavaThread "Service Thread" daemon [_thread_blocked, id=15548, stack(0x000000001a5f0000,0x000000001a6f0000)]
  0x0000000019455000 JavaThread "C1 CompilerThread3" daemon [_thread_blocked, id=9968, stack(0x000000001a4f0000,0x000000001a5f0000)]
  0x0000000019433800 JavaThread "C2 CompilerThread2" daemon [_thread_blocked, id=3140, stack(0x000000001a3f0000,0x000000001a4f0000)]
  0x000000001940a800 JavaThread "C2 CompilerThread1" daemon [_thread_blocked, id=12660, stack(0x000000001a2f0000,0x000000001a3f0000)]
  0x0000000019405000 JavaThread "C2 CompilerThread0" daemon [_thread_blocked, id=2912, stack(0x000000001a1f0000,0x000000001a2f0000)]
  0x00000000193f2000 JavaThread "JDWP Command Reader" daemon [_thread_in_native, id=1864, stack(0x000000001a0f0000,0x000000001a1f0000)]
  0x00000000193ef000 JavaThread "JDWP Event Helper Thread" daemon [_thread_blocked, id=12292, stack(0x0000000019ff0000,0x000000001a0f0000)]
  0x00000000193e3000 JavaThread "JDWP Transport Listener: dt_socket" daemon [_thread_blocked, id=2536, stack(0x0000000019ef0000,0x0000000019ff0000)]
  0x00000000193d8800 JavaThread "Attach Listener" daemon [_thread_blocked, id=20704, stack(0x0000000019ab0000,0x0000000019bb0000)]
  0x00000000193d7800 JavaThread "Signal Dispatcher" daemon [_thread_blocked, id=21532, stack(0x00000000199b0000,0x0000000019ab0000)]
  0x00000000193d0800 JavaThread "Finalizer" daemon [_thread_blocked, id=22592, stack(0x00000000197b0000,0x00000000198b0000)]
  0x0000000002729000 JavaThread "Reference Handler" daemon [_thread_blocked, id=8108, stack(0x00000000192b0000,0x00000000193b0000)]
  0x0000000002632800 JavaThread "main" [_thread_blocked, id=24480, stack(0x0000000002530000,0x0000000002630000)]

Other Threads:
=>0x00000000174ca000 VMThread [stack: 0x00000000191b0000,0x00000000192b0000] [id=13336]
  0x00000000194bb800 WatcherThread [stack: 0x000000001a6f0000,0x000000001a7f0000] [id=19476]

VM state:at safepoint (normal execution)

VM Mutex/Monitor currently owned by a thread:  ([mutex/lock_event])
[0x00000000024ceba0] Threads_lock - owner thread: 0x00000000174ca000

heap address: 0x0000000084e00000, size: 1970 MB, Compressed Oops mode: 32-bit
Narrow klass base: 0x0000000000000000, Narrow klass shift: 3
Compressed class space size: 1073741824 Address: 0x0000000100000000

Heap:
 PSYoungGen      total 36864K, used 1904K [0x00000000d6f80000, 0x00000000d9880000, 0x0000000100000000)
  eden space 31744K, 6% used [0x00000000d6f80000,0x00000000d715c2c0,0x00000000d8e80000)
  from space 5120K, 0% used [0x00000000d9380000,0x00000000d9380000,0x00000000d9880000)
  to   space 5120K, 0% used [0x00000000d8e80000,0x00000000d8e80000,0x00000000d9380000)
 ParOldGen       total 84992K, used 0K [0x0000000084e00000, 0x000000008a100000, 0x00000000d6f80000)
  object space 84992K, 0% used [0x0000000084e00000,0x0000000084e00000,0x000000008a100000)
 Metaspace       used 2657K, capacity 4566K, committed 4864K, reserved 1056768K
  class space    used 294K, capacity 390K, committed 512K, reserved 1048576K

Card table byte_map: [0x0000000011af0000,0x0000000011ed0000] byte_map_base: 0x00000000116c9000

Marking Bits: (ParMarkBitMap*) 0x0000000051505ce0
 Begin Bits: [0x0000000012970000, 0x0000000014838000)
 End Bits:   [0x0000000014838000, 0x0000000016700000)

Polling page: 0x0000000000bc0000

CodeCache: size=245760Kb used=1123Kb max_used=1123Kb free=244636Kb
 bounds [0x0000000002730000, 0x00000000029a0000, 0x0000000011730000]
 total_blobs=257 nmethods=34 adapters=145
 compilation: enabled

Compilation events (10 events):
Event: 0.280 Thread 0x0000000019455000   30       3       java.lang.AbstractStringBuilder::<init> (12 bytes)
Event: 0.280 Thread 0x0000000019455000 nmethod 30 0x0000000002845010 code [0x0000000002845180, 0x00000000028453d0]
Event: 0.280 Thread 0x0000000019455000   31       1       java.nio.Buffer::position (5 bytes)
Event: 0.280 Thread 0x0000000019455000 nmethod 31 0x0000000002844d50 code [0x0000000002844ea0, 0x0000000002844fb0]
Event: 0.281 Thread 0x0000000019455000   32       1       java.net.URL::getProtocol (5 bytes)
Event: 0.281 Thread 0x0000000019455000 nmethod 32 0x0000000002844a90 code [0x0000000002844be0, 0x0000000002844cf0]
Event: 0.281 Thread 0x0000000019455000   33       3       java.lang.String::startsWith (72 bytes)
Event: 0.281 Thread 0x0000000019455000 nmethod 33 0x0000000002844410 code [0x0000000002844580, 0x00000000028448b0]
Event: 0.283 Thread 0x0000000019455000   34       1       java.nio.Buffer::limit (5 bytes)
Event: 0.283 Thread 0x0000000019455000 nmethod 34 0x0000000002844150 code [0x00000000028442a0, 0x00000000028443b0]

GC Heap History (0 events):
No events

Deoptimization events (0 events):
No events

Classes redefined (10 events):
Event: 2116.824 Thread 0x00000000174ca000 redefined class name=org.study.Prime1, count=1
Event: 2234.587 Thread 0x00000000174ca000 redefined class name=org.study.Prime1, count=2
Event: 2274.830 Thread 0x00000000174ca000 redefined class name=org.study.Prime1, count=3
Event: 2292.730 Thread 0x00000000174ca000 redefined class name=org.study.Prime1, count=4
Event: 2811.235 Thread 0x00000000174ca000 redefined class name=org.study.Prime1, count=5
Event: 2846.768 Thread 0x00000000174ca000 redefined class name=org.study.Prime1, count=6
Event: 3005.516 Thread 0x00000000174ca000 redefined class name=org.study.Prime1, count=7
Event: 3118.381 Thread 0x00000000174ca000 redefined class name=org.study.Prime1, count=8
Event: 3235.177 Thread 0x00000000174ca000 redefined class name=org.study.Prime1, count=9
Event: 3275.613 Thread 0x00000000174ca000 redefined class name=org.study.Prime1, count=10

Internal exceptions (2 events):
Event: 0.065 Thread 0x0000000002632800 Exception <a 'java/lang/NoSuchMethodError': Method sun.misc.Unsafe.defineClass(Ljava/lang/String;[BII)Ljava/lang/Class; name or signature does not match> (0x00000000d6f87cb0) thrown at [C:\re\workspace\8-2-build-windows-amd64-cygwin\jdk8u202\12323\hotspot
Event: 0.065 Thread 0x0000000002632800 Exception <a 'java/lang/NoSuchMethodError': Method sun.misc.Unsafe.prefetchRead(Ljava/lang/Object;J)V name or signature does not match> (0x00000000d6f87f98) thrown at [C:\re\workspace\8-2-build-windows-amd64-cygwin\jdk8u202\12323\hotspot\src\share\vm\prim

Events (10 events):
Event: 3350.068 Executing VM operation: GetOwnedMonitorInfo done
Event: 3350.827 Executing VM operation: GetOwnedMonitorInfo
Event: 3350.827 Executing VM operation: GetOwnedMonitorInfo done
Event: 3350.828 Executing VM operation: GetCurrentContendedMonitor
Event: 3350.828 Executing VM operation: GetCurrentContendedMonitor done
Event: 3351.047 Executing VM operation: GetOwnedMonitorInfo
Event: 3351.048 Executing VM operation: GetOwnedMonitorInfo done
Event: 3351.048 Executing VM operation: GetCurrentContendedMonitor
Event: 3351.048 Executing VM operation: GetCurrentContendedMonitor done
Event: 3363.603 Executing VM operation: GetOrSetLocal


Dynamic libraries:
0x00007ff784c80000 - 0x00007ff784cb7000 	C:\Program Files\Java\jre1.8.0_202\bin\javaw.exe
0x00007ffb4f940000 - 0x00007ffb4fb49000 	C:\Windows\SYSTEM32\ntdll.dll
0x00007ffb4ee00000 - 0x00007ffb4eebd000 	C:\Windows\System32\KERNEL32.DLL
0x00007ffb4ce10000 - 0x00007ffb4d18d000 	C:\Windows\System32\KERNELBASE.dll
0x00007ffb4f130000 - 0x00007ffb4f1de000 	C:\Windows\System32\ADVAPI32.dll
0x00007ffb4f1e0000 - 0x00007ffb4f283000 	C:\Windows\System32\msvcrt.dll
0x00007ffb4e8b0000 - 0x00007ffb4e94e000 	C:\Windows\System32\sechost.dll
0x00007ffb4f450000 - 0x00007ffb4f570000 	C:\Windows\System32\RPCRT4.dll
0x00007ffb4f5f0000 - 0x00007ffb4f79d000 	C:\Windows\System32\USER32.dll
0x00007ffb4d670000 - 0x00007ffb4d696000 	C:\Windows\System32\win32u.dll
0x00007ffb4f3e0000 - 0x00007ffb4f409000 	C:\Windows\System32\GDI32.dll
0x00007ffb4d280000 - 0x00007ffb4d399000 	C:\Windows\System32\gdi32full.dll
0x00007ffb4d5d0000 - 0x00007ffb4d66d000 	C:\Windows\System32\msvcp_win.dll
0x00007ffb4d6a0000 - 0x00007ffb4d7b1000 	C:\Windows\System32\ucrtbase.dll
0x00007ffb2fd90000 - 0x00007ffb30035000 	C:\Windows\WinSxS\amd64_microsoft.windows.common-controls_6595b64144ccf1df_6.0.22000.120_none_9d947278b86cc467\COMCTL32.dll
0x00007ffb4f410000 - 0x00007ffb4f441000 	C:\Windows\System32\IMM32.DLL
0x0000000051920000 - 0x00000000519f2000 	C:\Program Files\Java\jre1.8.0_202\bin\msvcr100.dll
0x0000000050ce0000 - 0x0000000051585000 	C:\Program Files\Java\jre1.8.0_202\bin\server\jvm.dll
0x00007ffb4f290000 - 0x00007ffb4f298000 	C:\Windows\System32\PSAPI.DLL
0x00007ffb3baa0000 - 0x00007ffb3baaa000 	C:\Windows\SYSTEM32\VERSION.dll
0x00007ffb4a1c0000 - 0x00007ffb4a1f3000 	C:\Windows\SYSTEM32\WINMM.dll
0x00007ffad1450000 - 0x00007ffad1459000 	C:\Windows\SYSTEM32\WSOCK32.dll
0x00007ffb4eec0000 - 0x00007ffb4ef2f000 	C:\Windows\System32\WS2_32.dll
0x00007ffb45220000 - 0x00007ffb4522f000 	C:\Program Files\Java\jre1.8.0_202\bin\verify.dll
0x00007ffb3e540000 - 0x00007ffb3e569000 	C:\Program Files\Java\jre1.8.0_202\bin\java.dll
0x00007ffb37d60000 - 0x00007ffb37d95000 	C:\Program Files\Java\jre1.8.0_202\bin\jdwp.dll
0x00007ffb41b10000 - 0x00007ffb41b18000 	C:\Program Files\Java\jre1.8.0_202\bin\npt.dll
0x00007ffb41620000 - 0x00007ffb41636000 	C:\Program Files\Java\jre1.8.0_202\bin\zip.dll
0x00007ffb4da90000 - 0x00007ffb4e248000 	C:\Windows\System32\SHELL32.dll
0x00007ffb4aec0000 - 0x00007ffb4b728000 	C:\Windows\SYSTEM32\windows.storage.dll
0x00007ffb4ea80000 - 0x00007ffb4edf7000 	C:\Windows\System32\combase.dll
0x00007ffb4ad50000 - 0x00007ffb4aeb6000 	C:\Windows\SYSTEM32\wintypes.dll
0x00007ffb4e350000 - 0x00007ffb4e43a000 	C:\Windows\System32\SHCORE.dll
0x00007ffb4f0d0000 - 0x00007ffb4f12d000 	C:\Windows\System32\shlwapi.dll
0x00007ffb4cd40000 - 0x00007ffb4cd61000 	C:\Windows\SYSTEM32\profapi.dll
0x00007ffb41560000 - 0x00007ffb41569000 	C:\Program Files\Java\jre1.8.0_202\bin\dt_socket.dll
0x00007ffb3fae0000 - 0x00007ffb3faf7000 	C:\Windows\system32\napinsp.dll
0x00007ffb3f9d0000 - 0x00007ffb3f9eb000 	C:\Windows\system32\pnrpnsp.dll
0x00007ffb4c310000 - 0x00007ffb4c377000 	C:\Windows\System32\mswsock.dll
0x00007ffb4b9a0000 - 0x00007ffb4ba88000 	C:\Windows\SYSTEM32\DNSAPI.dll
0x00007ffb4b970000 - 0x00007ffb4b99d000 	C:\Windows\SYSTEM32\IPHLPAPI.DLL
0x00007ffb4e340000 - 0x00007ffb4e349000 	C:\Windows\System32\NSI.dll
0x00007ffb210d0000 - 0x00007ffb210e2000 	C:\Windows\System32\winrnr.dll
0x00007ffb3fac0000 - 0x00007ffb3fad5000 	C:\Windows\system32\wshbth.dll
0x00007ffb3e380000 - 0x00007ffb3e39f000 	C:\Windows\system32\nlansp_c.dll
0x00007ffb3fa30000 - 0x00007ffb3fab1000 	C:\Windows\System32\fwpuclnt.dll
0x00007ffb3f9c0000 - 0x00007ffb3f9ca000 	C:\Windows\System32\rasadhlp.dll
0x00007ffb4a7b0000 - 0x00007ffb4a9d1000 	C:\Windows\SYSTEM32\dbghelp.dll
0x00007ffb4d190000 - 0x00007ffb4d20f000 	C:\Windows\System32\bcryptPrimitives.dll

VM Arguments:
jvm_args: -agentlib:jdwp=transport=dt_socket,suspend=y,address=localhost:61728 -Dfile.encoding=Cp1252 
java_command: org.study.Prime1
java_class_path (initial): C:\Program Files\Java\jre1.8.0_202\lib\resources.jar;C:\Program Files\Java\jre1.8.0_202\lib\rt.jar;C:\Program Files\Java\jre1.8.0_202\lib\jsse.jar;C:\Program Files\Java\jre1.8.0_202\lib\jce.jar;C:\Program Files\Java\jre1.8.0_202\lib\charsets.jar;C:\Program Files\Java\jre1.8.0_202\lib\jfr.jar;C:\Program Files\Java\jre1.8.0_202\lib\ext\access-bridge-64.jar;C:\Program Files\Java\jre1.8.0_202\lib\ext\cldrdata.jar;C:\Program Files\Java\jre1.8.0_202\lib\ext\dnsns.jar;C:\Program Files\Java\jre1.8.0_202\lib\ext\jaccess.jar;C:\Program Files\Java\jre1.8.0_202\lib\ext\jfxrt.jar;C:\Program Files\Java\jre1.8.0_202\lib\ext\localedata.jar;C:\Program Files\Java\jre1.8.0_202\lib\ext\nashorn.jar;C:\Program Files\Java\jre1.8.0_202\lib\ext\sunec.jar;C:\Program Files\Java\jre1.8.0_202\lib\ext\sunjce_provider.jar;C:\Program Files\Java\jre1.8.0_202\lib\ext\sunmscapi.jar;C:\Program Files\Java\jre1.8.0_202\lib\ext\sunpkcs11.jar;C:\Program Files\Java\jre1.8.0_202\lib\ext\zipfs.jar;C:\Users\SARAL VASANTH\eclipse-workspace\Selenium\bin;C:\Users\SARAL VASANTH\eclipse-workspace\Selenium\lib\selenium-server-4.4.0.jar
Launcher Type: SUN_STANDARD

Environment Variables:
PATH=C:/Program Files/Java/jre1.8.0_202/bin/server;C:/Program Files/Java/jre1.8.0_202/bin;C:/Program Files/Java/jre1.8.0_202/lib/amd64;C:\Program Files (x86)\Common Files\Oracle\Java\javapath;C:\Windows\system32;C:\Windows;C:\Windows\System32\Wbem;C:\Windows\System32\WindowsPowerShell\v1.0\;C:\Windows\System32\OpenSSH\;C:\Program Files\dotnet\;C:\Users\SARAL VASANTH\AppData\Local\Microsoft\WindowsApps;;C:\Users\SARAL VASANTH\Downloads\eclipse-committers-oxygen-3a-win32-x86_64\eclipse;
USERNAME=SARAL VASANTH
OS=Windows_NT
PROCESSOR_IDENTIFIER=Intel64 Family 6 Model 154 Stepping 4, GenuineIntel



---------------  S Y S T E M  ---------------

OS: Windows 10.0 , 64 bit Build 22000 (10.0.22000.708)

CPU:total 8 (initial active 8) (4 cores per cpu, 2 threads per core) family 6 model 154 stepping 4, cmov, cx8, fxsr, mmx, sse, sse2, sse3, ssse3, sse4.1, sse4.2, popcnt, avx, avx2, aes, clmul, erms, 3dnowpref, lzcnt, ht, tsc, tscinvbit, bmi1, bmi2, adx

Memory: 4k page, physical 8065780k(2005988k free), swap 11052524k(1555388k free)

vm_info: Java HotSpot(TM) 64-Bit Server VM (25.202-b08) for windows-amd64 JRE (1.8.0_202-b08), built on Dec 15 2018 19:54:30 by "java_re" with MS VC++ 10.0 (VS2010)

time: Mon Oct 03 20:19:53 2022
timezone: India Standard Time
elapsed time: 3363 seconds (0d 0h 56m 3s)

